# Push Log for intellecton-collapse
# Generated by gitfield-sync

[2025-06-12T22:43:18Z] Local: , Branch=master, Commit=bd16993
  Diff Summary:
     docs/integrity.sha256 | 11 +++++++++++
     1 file changed, 11 insertions(+)
[2025-06-12T22:43:36Z] Radicle: RID=rad:z3FEj7rF8gZw9eFksCuiN43qjzrex, Peer ID=z6Mkw5s3ppo26C7y7tGK5MD8n2GqTHS582PPpeX5Xqbu2Mpz, Branch=master, Commit=bd16993
  CLI: rad inspect rad:z3FEj7rF8gZw9eFksCuiN43qjzrex # View project details
  CLI: git ls-tree -r --name-only HEAD # View file structure
  Diff Summary:
     .gitfield/radicle.sigil.md | 67 ++++++++++++++++++++++++++++++++++++++++++++++
     1 file changed, 67 insertions(+)
[2025-06-12T22:43:40Z] Forgejo: https://remember.thefoldwithin.earth/mrhavens/intellecton-collapse, Branch=master, Commit=bd16993
  Diff Summary:
     .gitfield/remember.sigil.md | 59 +++++++++++++++++++++++++++++++++++++++++++++
     1 file changed, 59 insertions(+)
[2025-06-12T22:43:49Z] Codeberg: https://codeberg.org/mrhavens/intellecton-collapse, Branch=master, Commit=bd16993
  Diff Summary:
     .gitfield/codeberg.sigil.md | 59 +++++++++++++++++++++++++++++++++++++++++++++
     1 file changed, 59 insertions(+)
[2025-06-12T22:43:51Z] Gitea: https://gitea.com/mrhavens/intellecton-collapse, Branch=master, Commit=bd16993
  Diff Summary:
     .gitfield/pushed.log | 4 ++++
     1 file changed, 4 insertions(+)
[2025-06-12T22:44:06Z] GitLab: https://gitlab.com/mrhavens/intellecton-collapse, Branch=master, Commit=bd16993
  Diff Summary:
     .gitfield/gitlab.sigil.md | 59 +++++++++++++++++++++++++++++++++++++++++++++++
     1 file changed, 59 insertions(+)
[2025-06-12T22:44:19Z] Bitbucket: https://bitbucket.org/thefoldwithin/intellecton-collapse, Branch=master, Commit=bd16993
  Diff Summary:
     .gitfield/bitbucket.sigil.md | 59 ++++++++++++++++++++++++++++++++++++++++++++
     1 file changed, 59 insertions(+)
[2025-06-12T22:44:26Z] GitHub: https://github.com/mrhavens/intellecton-collapse, Branch=master, Commit=bd16993
  Diff Summary:
     .gitfield/github.sigil.md | 59 +++++++++++++++++++++++++++++++++++++++++++++++
     1 file changed, 59 insertions(+)
[2025-06-12T22:44:26Z] Local: , Branch=master, Commit=bd16993
  Diff Summary:
     .gitfield/local.sigil.md | 59 ++++++++++++++++++++++++++++++++++++++++++++++++
     1 file changed, 59 insertions(+)
[2025-06-12T22:44:45Z] Radicle: RID=rad:z3FEj7rF8gZw9eFksCuiN43qjzrex, Peer ID=z6Mkw5s3ppo26C7y7tGK5MD8n2GqTHS582PPpeX5Xqbu2Mpz, Branch=master, Commit=bd16993
  CLI: rad inspect rad:z3FEj7rF8gZw9eFksCuiN43qjzrex # View project details
  CLI: git ls-tree -r --name-only HEAD # View file structure
  Diff Summary:
     .gitfield/radicle.sigil.md | 20 ++++++++++----------
     1 file changed, 10 insertions(+), 10 deletions(-)
[2025-06-12T22:44:48Z] Forgejo: https://remember.thefoldwithin.earth/mrhavens/intellecton-collapse, Branch=master, Commit=bd16993
  Diff Summary:
     .gitfield/remember.sigil.md | 16 ++++++++--------
     1 file changed, 8 insertions(+), 8 deletions(-)
[2025-06-12T22:44:57Z] Codeberg: https://codeberg.org/mrhavens/intellecton-collapse, Branch=master, Commit=bd16993
  Diff Summary:
     .gitfield/codeberg.sigil.md | 16 ++++++++--------
     1 file changed, 8 insertions(+), 8 deletions(-)
[2025-06-12T22:45:00Z] Gitea: https://gitea.com/mrhavens/intellecton-collapse, Branch=master, Commit=bd16993
  Diff Summary:
     .gitfield/pushed.log | 4 ++++
     1 file changed, 4 insertions(+)
